<?xml version="1.0" encoding="UTF-8"?>
<!-- Generated by org.testng.reporters.JUnitReportReporter -->
<testsuite hostname="DESKTOP-1LN1B6K" failures="0" tests="6" name="runner.Runner" time="11.058" errors="0" timestamp="2022-11-06T14:42:19 IST" skipped="0">
  <testcase classname="runner.Runner" name="runScenario" time="0.330"/>
  <system-out/>
  <testcase classname="runner.Runner" name="runScenario" time="0.286"/>
  <system-out/>
  <testcase classname="runner.Runner" name="runScenario" time="7.801"/>
  <system-out/>
  <testcase classname="runner.Runner" name="runScenario" time="1.160"/>
  <system-out/>
  <testcase classname="runner.Runner" name="runScenario" time="0.239"/>
  <system-out/>
  <testcase classname="runner.Runner" name="runScenario" time="1.242"/>
  <system-out/>
</testsuite> <!-- runner.Runner -->
